{
  "stats": {
    "suites": 1,
    "tests": 4,
    "passes": 4,
    "pending": 0,
    "failures": 0,
    "start": "2023-11-29T09:29:21.732Z",
    "end": "2023-11-29T09:31:36.939Z",
    "duration": 135207,
    "testsRegistered": 4,
    "passPercent": 100,
    "pendingPercent": 0,
    "other": 0,
    "hasOther": false,
    "skipped": 0,
    "hasSkipped": false
  },
  "results": [
    {
      "uuid": "b0a264b2-91f5-49ed-8017-11802df89bcd",
      "title": "",
      "fullFile": "cypress\\integration\\MobilityProject\\Category.js",
      "file": "cypress\\integration\\MobilityProject\\Category.js",
      "beforeHooks": [],
      "afterHooks": [],
      "tests": [],
      "suites": [
        {
          "uuid": "afc6b954-9b75-418f-a777-ed120282f86c",
          "title": "Categories Screen",
          "fullFile": "",
          "file": "",
          "beforeHooks": [],
          "afterHooks": [],
          "tests": [
            {
              "title": "Create multiple categories in one go",
              "fullTitle": "Categories Screen Create multiple categories in one go",
              "timedOut": null,
              "duration": 49033,
              "state": "passed",
              "speed": "slow",
              "pass": true,
              "fail": false,
              "pending": false,
              "context": null,
              "code": "cy.visit(Cypress.env('url'));\nmobilityObject.getLogin();\nmobilityObject.getMultipleCreateCategories();",
              "err": {},
              "uuid": "a975baec-d7bd-42b5-aa3f-c0a2869095e0",
              "parentUUID": "afc6b954-9b75-418f-a777-ed120282f86c",
              "isHook": false,
              "skipped": false
            },
            {
              "title": "Search Category",
              "fullTitle": "Categories Screen Search Category",
              "timedOut": null,
              "duration": 21988,
              "state": "passed",
              "speed": "slow",
              "pass": true,
              "fail": false,
              "pending": false,
              "context": null,
              "code": "cy.visit(Cypress.env('url'));\nmobilityObject.getLogin();\nmobilityObject.getSingleCreateCategory();\ncy.get('.MuiInputBase-input:nth-child(2)').type(mobilityObject.catname);\ncy.wait(2000);\ncy.get('.MuiDataGrid-cellContent').should('have.text', mobilityObject.catname);\ncy.get('.MuiInputBase-input:nth-child(2)').clear().type(mobilityObject.catcode);\ncy.get('a.link').should('have.text', mobilityObject.catcode);",
              "err": {},
              "uuid": "8aca0e4d-16cd-471d-a288-4e0196e9cea2",
              "parentUUID": "afc6b954-9b75-418f-a777-ed120282f86c",
              "isHook": false,
              "skipped": false
            },
            {
              "title": "Update Category",
              "fullTitle": "Categories Screen Update Category",
              "timedOut": null,
              "duration": 34453,
              "state": "passed",
              "speed": "slow",
              "pass": true,
              "fail": false,
              "pending": false,
              "context": null,
              "code": "cy.visit(Cypress.env('url'));\nmobilityObject.getLogin();\nmobilityObject.getSingleCreateCategory();\nmobilityObject.getUpdateCategory();",
              "err": {},
              "uuid": "5004512a-214a-4529-aefa-095274639668",
              "parentUUID": "afc6b954-9b75-418f-a777-ed120282f86c",
              "isHook": false,
              "skipped": false
            },
            {
              "title": "Update status from Category list page",
              "fullTitle": "Categories Screen Update status from Category list page",
              "timedOut": null,
              "duration": 25196,
              "state": "passed",
              "speed": "slow",
              "pass": true,
              "fail": false,
              "pending": false,
              "context": null,
              "code": "cy.visit(Cypress.env('url'));\nmobilityObject.getLogin();\nmobilityObject.getSingleCreateCategory();\ncy.get('.MuiInputBase-input:nth-child(2)').type(mobilityObject.catcode);\ncy.wait(5000);\ncy.get('a.link').should('have.text', mobilityObject.catcode);\ncy.get('.MuiDataGrid-cellCheckbox > .MuiButtonBase-root > .PrivateSwitchBase-input').click();\ncy.get('span.inactive').should('have.text', 'Inactive');\ncy.get('.css-1up2o6-MuiGrid-root > :nth-child(1) > .MuiButtonBase-root').click();\ncy.get('.MuiDialogActions-root > .MuiButton-outlined').click();\ncy.get('.Toastify__toast-body').should('have.text', 'Status updated successfully');\ncy.get('span.inactive').should('have.text', 'Inactive');",
              "err": {},
              "uuid": "b5ed5417-e3bd-4bd7-b230-28715e686e26",
              "parentUUID": "afc6b954-9b75-418f-a777-ed120282f86c",
              "isHook": false,
              "skipped": false
            }
          ],
          "suites": [],
          "passes": [
            "a975baec-d7bd-42b5-aa3f-c0a2869095e0",
            "8aca0e4d-16cd-471d-a288-4e0196e9cea2",
            "5004512a-214a-4529-aefa-095274639668",
            "b5ed5417-e3bd-4bd7-b230-28715e686e26"
          ],
          "failures": [],
          "pending": [],
          "skipped": [],
          "duration": 130670,
          "root": false,
          "rootEmpty": false,
          "_timeout": 2000
        }
      ],
      "passes": [],
      "failures": [],
      "pending": [],
      "skipped": [],
      "duration": 0,
      "root": true,
      "rootEmpty": true,
      "_timeout": 2000
    }
  ],
  "meta": {
    "mocha": {
      "version": "7.0.1"
    },
    "mochawesome": {
      "options": {
        "quiet": false,
        "reportFilename": "mochawesome",
        "saveHtml": false,
        "saveJson": true,
        "consoleReporter": "spec",
        "useInlineDiffs": false,
        "code": true
      },
      "version": "7.1.3"
    },
    "marge": {
      "options": {
        "overwrite": false,
        "html": false,
        "json": true,
        "reportDir": "cypress\\reports\\html\\.jsons"
      },
      "version": "6.2.0"
    }
  }
}