{
  "stats": {
    "suites": 1,
    "tests": 4,
    "passes": 4,
    "pending": 0,
    "failures": 0,
    "start": "2023-11-29T08:54:57.429Z",
    "end": "2023-11-29T08:57:17.132Z",
    "duration": 139703,
    "testsRegistered": 4,
    "passPercent": 100,
    "pendingPercent": 0,
    "other": 0,
    "hasOther": false,
    "skipped": 0,
    "hasSkipped": false
  },
  "results": [
    {
      "uuid": "c49718c8-2bfd-4454-a22d-a43f1bdda67a",
      "title": "",
      "fullFile": "cypress\\integration\\MobilityProject\\Category.js",
      "file": "cypress\\integration\\MobilityProject\\Category.js",
      "beforeHooks": [],
      "afterHooks": [],
      "tests": [],
      "suites": [
        {
          "uuid": "51c6f221-85ae-41c2-9a2e-3d51a899a33f",
          "title": "Categories Screen",
          "fullFile": "",
          "file": "",
          "beforeHooks": [],
          "afterHooks": [],
          "tests": [
            {
              "title": "Create multiple categories in one go",
              "fullTitle": "Categories Screen Create multiple categories in one go",
              "timedOut": null,
              "duration": 47705,
              "state": "passed",
              "speed": "slow",
              "pass": true,
              "fail": false,
              "pending": false,
              "context": null,
              "code": "cy.visit(Cypress.env('url'));\nmobilityObject.getLogin();\nmobilityObject.getMultipleCreateCategories();",
              "err": {},
              "uuid": "c67314b0-1699-4589-9c54-171d32eb470d",
              "parentUUID": "51c6f221-85ae-41c2-9a2e-3d51a899a33f",
              "isHook": false,
              "skipped": false
            },
            {
              "title": "Search Category",
              "fullTitle": "Categories Screen Search Category",
              "timedOut": null,
              "duration": 22084,
              "state": "passed",
              "speed": "slow",
              "pass": true,
              "fail": false,
              "pending": false,
              "context": null,
              "code": "cy.visit(Cypress.env('url'));\nmobilityObject.getLogin();\nmobilityObject.getSingleCreateCategory();\ncy.get('.MuiInputBase-input:nth-child(2)').type(mobilityObject.catname);\ncy.wait(2000);\ncy.get('.MuiDataGrid-cellContent').should('have.text', mobilityObject.catname);\ncy.get('.MuiInputBase-input:nth-child(2)').clear().type(mobilityObject.catcode);\ncy.get('a.link').should('have.text', mobilityObject.catcode);",
              "err": {},
              "uuid": "87c0fbed-3895-42bb-b849-595132ed3931",
              "parentUUID": "51c6f221-85ae-41c2-9a2e-3d51a899a33f",
              "isHook": false,
              "skipped": false
            },
            {
              "title": "Update Category",
              "fullTitle": "Categories Screen Update Category",
              "timedOut": null,
              "duration": 38655,
              "state": "passed",
              "speed": "slow",
              "pass": true,
              "fail": false,
              "pending": false,
              "context": null,
              "code": "cy.visit(Cypress.env('url'));\nmobilityObject.getLogin();\nmobilityObject.getSingleCreateCategory();\nmobilityObject.getUpdateCategory();",
              "err": {},
              "uuid": "d5a42a5f-f2d7-47dd-b69f-1760b8672b92",
              "parentUUID": "51c6f221-85ae-41c2-9a2e-3d51a899a33f",
              "isHook": false,
              "skipped": false
            },
            {
              "title": "Update status from Category list page",
              "fullTitle": "Categories Screen Update status from Category list page",
              "timedOut": null,
              "duration": 25825,
              "state": "passed",
              "speed": "slow",
              "pass": true,
              "fail": false,
              "pending": false,
              "context": null,
              "code": "cy.visit(Cypress.env('url'));\nmobilityObject.getLogin();\nmobilityObject.getSingleCreateCategory();\ncy.get('.MuiInputBase-input:nth-child(2)').type(mobilityObject.catcode);\ncy.wait(5000);\ncy.get('a.link').should('have.text', mobilityObject.catcode);\ncy.get('.MuiDataGrid-cellCheckbox > .MuiButtonBase-root > .PrivateSwitchBase-input').click();\ncy.get('span.inactive').should('have.text', 'Inactive');\ncy.get('.css-1up2o6-MuiGrid-root > :nth-child(1) > .MuiButtonBase-root').click();\ncy.get('.MuiDialogActions-root > .MuiButton-outlined').click();\ncy.get('.Toastify__toast-body').should('have.text', 'Status updated successfully');\ncy.get('span.inactive').should('have.text', 'Inactive');",
              "err": {},
              "uuid": "3ecea0d6-f24f-4557-adf7-ce442da5d371",
              "parentUUID": "51c6f221-85ae-41c2-9a2e-3d51a899a33f",
              "isHook": false,
              "skipped": false
            }
          ],
          "suites": [],
          "passes": [
            "c67314b0-1699-4589-9c54-171d32eb470d",
            "87c0fbed-3895-42bb-b849-595132ed3931",
            "d5a42a5f-f2d7-47dd-b69f-1760b8672b92",
            "3ecea0d6-f24f-4557-adf7-ce442da5d371"
          ],
          "failures": [],
          "pending": [],
          "skipped": [],
          "duration": 134269,
          "root": false,
          "rootEmpty": false,
          "_timeout": 2000
        }
      ],
      "passes": [],
      "failures": [],
      "pending": [],
      "skipped": [],
      "duration": 0,
      "root": true,
      "rootEmpty": true,
      "_timeout": 2000
    }
  ],
  "meta": {
    "mocha": {
      "version": "7.0.1"
    },
    "mochawesome": {
      "options": {
        "quiet": false,
        "reportFilename": "mochawesome",
        "saveHtml": false,
        "saveJson": true,
        "consoleReporter": "spec",
        "useInlineDiffs": false,
        "code": true
      },
      "version": "7.1.3"
    },
    "marge": {
      "options": {
        "overwrite": false,
        "html": false,
        "json": true,
        "reportDir": "cypress\\reports\\html\\.jsons"
      },
      "version": "6.2.0"
    }
  }
}