{
  "stats": {
    "suites": 1,
    "tests": 4,
    "passes": 0,
    "pending": 0,
    "failures": 4,
    "start": "2023-11-29T08:57:56.855Z",
    "end": "2023-11-29T08:59:20.788Z",
    "duration": 83933,
    "testsRegistered": 4,
    "passPercent": 0,
    "pendingPercent": 0,
    "other": 0,
    "hasOther": false,
    "skipped": 0,
    "hasSkipped": false
  },
  "results": [
    {
      "uuid": "95bd79b9-736b-4f50-ac34-5480ba224ad7",
      "title": "",
      "fullFile": "cypress\\integration\\MobilityProject\\Employee.js",
      "file": "cypress\\integration\\MobilityProject\\Employee.js",
      "beforeHooks": [],
      "afterHooks": [],
      "tests": [],
      "suites": [
        {
          "uuid": "b5556a47-9aee-4929-9a5b-fdb7a3c15d24",
          "title": "Employee Screen",
          "fullFile": "",
          "file": "",
          "beforeHooks": [],
          "afterHooks": [],
          "tests": [
            {
              "title": "Create employee in the list",
              "fullTitle": "Employee Screen Create employee in the list",
              "timedOut": null,
              "duration": 17756,
              "state": "failed",
              "speed": null,
              "pass": false,
              "fail": true,
              "pending": false,
              "context": null,
              "code": "cy.visit(Cypress.env('url'));\nmobilityObject.getLogin();\nmobilityObject.getCreateNewEmployee();",
              "err": {
                "message": "AssertionError: Timed out retrying after 8000ms: Expected to find element: `#employeecode`, but never found it.",
                "estack": "AssertionError: Timed out retrying after 8000ms: Expected to find element: `#employeecode`, but never found it.\n    at MobilityObj.getCreateNewEmployee (webpack://cypressautomation/./cypress/integration/MobilityObjects/MobilityObject.js:191:9)\n    at Context.eval (webpack://cypressautomation/./cypress/integration/MobilityProject/Employee.js:12:21)",
                "diff": null
              },
              "uuid": "c64dbf9b-145c-4ffc-917a-fff097026c28",
              "parentUUID": "b5556a47-9aee-4929-9a5b-fdb7a3c15d24",
              "isHook": false,
              "skipped": false
            },
            {
              "title": "Create Budget",
              "fullTitle": "Employee Screen Create Budget",
              "timedOut": null,
              "duration": 23693,
              "state": "failed",
              "speed": null,
              "pass": false,
              "fail": true,
              "pending": false,
              "context": null,
              "code": "cy.visit(Cypress.env('url'));\nmobilityObject.getLogin();\nmobilityObject.getCreateBudgetGroup();\ncy.get('.MuiDialogContent-root > .MuiBox-root > :nth-child(3)').click();\ncy.get('.MuiDialogActions-root > .MuiButton-outlined').click();\ncy.wait(5000);\ncy.get('.MuiGrid-spacing-xs-1 > :nth-child(1) > .MuiInputBase-root > .MuiInputBase-input').type('abcd100').invoke('val').should(value => {\n  expect(Number.isInteger(+value), 'input should be an integer').to.eq(true);\n});\n//Start Month\ncy.get(':nth-child(2) > .MuiFormControl-root > .MuiInputBase-root > .MuiInputAdornment-root > .MuiButtonBase-root').click();\n//select month\ncy.get('.MuiPickersCalendarHeader-label').click();\n//select year\ncy.get('.PrivatePickersYear-yearButton').contains('2025').click();\n//End Month\ncy.get(':nth-child(3) > .MuiFormControl-root > .MuiInputBase-root > .MuiInputAdornment-root > .MuiButtonBase-root').click();\n//select month\ncy.get('.MuiPickersCalendarHeader-label').click();\n//select year\ncy.get('.PrivatePickersYear-yearButton').contains('2026').click();\ncy.get(\"button[type='submit']\").should('have.text', 'Next').click();\ncy.get('.Toastify__toast-body > :nth-child(2)').should('have.text', 'Budget group setting update successfully');",
              "err": {
                "message": "AssertionError: Timed out retrying after 8000ms: Expected to find element: `.MuiGrid-spacing-xs-1 > :nth-child(1) > .MuiInputBase-root > .MuiInputBase-input`, but never found it.",
                "estack": "AssertionError: Timed out retrying after 8000ms: Expected to find element: `.MuiGrid-spacing-xs-1 > :nth-child(1) > .MuiInputBase-root > .MuiInputBase-input`, but never found it.\n    at Context.eval (webpack://cypressautomation/./cypress/integration/MobilityProject/Employee.js:26:7)",
                "diff": null
              },
              "uuid": "4f840c93-95af-464b-8085-9e5cf12ba06e",
              "parentUUID": "b5556a47-9aee-4929-9a5b-fdb7a3c15d24",
              "isHook": false,
              "skipped": false
            },
            {
              "title": "Add Budget in employee",
              "fullTitle": "Employee Screen Add Budget in employee",
              "timedOut": null,
              "duration": 23452,
              "state": "failed",
              "speed": null,
              "pass": false,
              "fail": true,
              "pending": false,
              "context": null,
              "code": "cy.visit(Cypress.env('url'));\nmobilityObject.getLogin();\nmobilityObject.getCreateBudgetGroup();\ncy.get('.MuiDialogContent-root > .MuiBox-root > :nth-child(3)').click();\ncy.get('.MuiDialogActions-root > .MuiButton-outlined').click();\ncy.wait(5000);\ncy.get('.MuiGrid-spacing-xs-1 > :nth-child(1) > .MuiInputBase-root > .MuiInputBase-input').type('abcd100').invoke('val').should(value => {\n  expect(Number.isInteger(+value), 'input should be an integer').to.eq(true);\n});\n//Start Month\ncy.get(':nth-child(2) > .MuiFormControl-root > .MuiInputBase-root > .MuiInputAdornment-root > .MuiButtonBase-root').click();\n//select month\ncy.get('.MuiPickersCalendarHeader-label').click();\n//select year\ncy.get('.PrivatePickersYear-yearButton').contains('2025').click();\n//End Month\ncy.get(':nth-child(3) > .MuiFormControl-root > .MuiInputBase-root > .MuiInputAdornment-root > .MuiButtonBase-root').click();\n//select month\ncy.get('.MuiPickersCalendarHeader-label').click();\n//select year\ncy.get('.PrivatePickersYear-yearButton').contains('2026').click();\ncy.get(\"button[type='submit']\").should('have.text', 'Next').click();\ncy.get('.Toastify__toast-body > :nth-child(2)').should('have.text', 'Budget group setting update successfully');\n//cy.get('.MuiButton-contained').click()\nmobilityObject.getCreateNewEmployee();\ncy.get('.MuiDialogContent-root > .MuiInputBase-root > .MuiInputBase-input').type(mobilityObject.budgetGroupName);\ncy.wait(3000);\ncy.get('.MuiDialogContent-root > .MuiBox-root > .MuiButtonBase-root').click();\ncy.get('.MuiDialogActions-root > .MuiButton-outlined').click();\ncy.wait(3000);\ncy.get(\"button[label='Submit']\").should('have.text', 'Submit').click();\ncy.wait(1000);\n// bug in mssage - tejaswini\ncy.get('.Toastify__toast-body').should('have.text', 'Employee allocation update successfully');",
              "err": {
                "message": "AssertionError: Timed out retrying after 8000ms: Expected to find element: `.MuiGrid-spacing-xs-1 > :nth-child(1) > .MuiInputBase-root > .MuiInputBase-input`, but never found it.",
                "estack": "AssertionError: Timed out retrying after 8000ms: Expected to find element: `.MuiGrid-spacing-xs-1 > :nth-child(1) > .MuiInputBase-root > .MuiInputBase-input`, but never found it.\n    at Context.eval (webpack://cypressautomation/./cypress/integration/MobilityProject/Employee.js:58:7)",
                "diff": null
              },
              "uuid": "e332c1bb-1c72-4a90-94d7-68595b4d6d38",
              "parentUUID": "b5556a47-9aee-4929-9a5b-fdb7a3c15d24",
              "isHook": false,
              "skipped": false
            },
            {
              "title": "Search Employee",
              "fullTitle": "Employee Screen Search Employee",
              "timedOut": null,
              "duration": 15226,
              "state": "failed",
              "speed": null,
              "pass": false,
              "fail": true,
              "pending": false,
              "context": null,
              "code": "cy.visit(Cypress.env('url'));\nmobilityObject.getLogin();\nmobilityObject.getCreateNewEmployee();\ncy.get('.MuiButton-contained').click();\ncy.get('p.MuiTypography-p.back-btn').click();\ncy.wait(2000);\n// cy.get('.MuiInputBase-input:nth-child(2)').type(mobilityObject.empFullName)\n// cy.wait(2000)\n// cy.get('.MuiDataGrid-cellContent').should('have.text',mobilityObject.empFullName)\ncy.get('.MuiInputBase-input:nth-child(2)').clear().type(mobilityObject.empcode);\ncy.get('[data-field=\"systemCode\"] > .link').should('have.text', mobilityObject.empcode);",
              "err": {
                "message": "AssertionError: Timed out retrying after 8000ms: Expected to find element: `#employeecode`, but never found it.",
                "estack": "AssertionError: Timed out retrying after 8000ms: Expected to find element: `#employeecode`, but never found it.\n    at MobilityObj.getCreateNewEmployee (webpack://cypressautomation/./cypress/integration/MobilityObjects/MobilityObject.js:191:9)\n    at Context.eval (webpack://cypressautomation/./cypress/integration/MobilityProject/Employee.js:98:21)",
                "diff": null
              },
              "uuid": "deb3d1ef-0942-4800-81ed-5f154ec2e215",
              "parentUUID": "b5556a47-9aee-4929-9a5b-fdb7a3c15d24",
              "isHook": false,
              "skipped": false
            }
          ],
          "suites": [],
          "passes": [],
          "failures": [
            "c64dbf9b-145c-4ffc-917a-fff097026c28",
            "4f840c93-95af-464b-8085-9e5cf12ba06e",
            "e332c1bb-1c72-4a90-94d7-68595b4d6d38",
            "deb3d1ef-0942-4800-81ed-5f154ec2e215"
          ],
          "pending": [],
          "skipped": [],
          "duration": 80127,
          "root": false,
          "rootEmpty": false,
          "_timeout": 2000
        }
      ],
      "passes": [],
      "failures": [],
      "pending": [],
      "skipped": [],
      "duration": 0,
      "root": true,
      "rootEmpty": true,
      "_timeout": 2000
    }
  ],
  "meta": {
    "mocha": {
      "version": "7.0.1"
    },
    "mochawesome": {
      "options": {
        "quiet": false,
        "reportFilename": "mochawesome",
        "saveHtml": false,
        "saveJson": true,
        "consoleReporter": "spec",
        "useInlineDiffs": false,
        "code": true
      },
      "version": "7.1.3"
    },
    "marge": {
      "options": {
        "overwrite": false,
        "html": false,
        "json": true,
        "reportDir": "cypress\\reports\\html\\.jsons"
      },
      "version": "6.2.0"
    }
  }
}