{
  "stats": {
    "suites": 1,
    "tests": 7,
    "passes": 6,
    "pending": 0,
    "failures": 1,
    "start": "2023-11-29T09:22:26.426Z",
    "end": "2023-11-29T09:23:02.343Z",
    "duration": 35917,
    "testsRegistered": 7,
    "passPercent": 85.71428571428571,
    "pendingPercent": 0,
    "other": 0,
    "hasOther": false,
    "skipped": 0,
    "hasSkipped": false
  },
  "results": [
    {
      "uuid": "c1ea774c-5a7f-4dde-bfed-a6f3f1a5af43",
      "title": "",
      "fullFile": "cypress\\integration\\MobilityProject\\LoginPage.js",
      "file": "cypress\\integration\\MobilityProject\\LoginPage.js",
      "beforeHooks": [],
      "afterHooks": [],
      "tests": [],
      "suites": [
        {
          "uuid": "51b75b85-d6f0-4869-bcf4-5ec501142a74",
          "title": "Login Page",
          "fullFile": "",
          "file": "",
          "beforeHooks": [],
          "afterHooks": [],
          "tests": [
            {
              "title": "All fields are visible",
              "fullTitle": "Login Page All fields are visible",
              "timedOut": null,
              "duration": 15227,
              "state": "failed",
              "speed": null,
              "pass": false,
              "fail": true,
              "pending": false,
              "context": null,
              "code": "cy.visit(\"http://sap.f2wmobi.de/\");\ncy.get('.login-logo').should('be.visible');\ncy.get('div.login-left>.MuiTypography-root:nth-child(1)').should('have.text', \"Welcome to \");\ncy.get('div.login-left>.MuiTypography-root:nth-child(2)').should('have.text', \"MOBILITY BUDGET MANAGEMENT\");\ncy.get(\"div.login-left>.MuiTypography-root:nth-child(3)\").should('have.text', \"Streamline your mobility expenses with budget management\");\ncy.get('form.MuiBox-root>.MuiTypography-root:nth-child(1)').should('have.text', \"Login\");\ncy.get('form.MuiBox-root>.label:nth-child(2)').contains('Email Address');\ncy.get('span.asterisk:nth-child(1)').should('be.visible');\ncy.get('form.MuiBox-root>.label:nth-child(4)').contains(\"Password\");\ncy.get('span.asterisk:nth-child(1)').should('be.visible');\ncy.get('span.MuiTypography-root:nth-child(2)').should('have.text', \"Remember Me\");\ncy.get('a.label').should('have.text', \"Forgot Password?\");\ncy.get(\"button[type='submit']\").should('be.visible');\ncy.get('.css-1f7c9pe-MuiGrid-root').should('be.visible');",
              "err": {
                "message": "AssertionError: Timed out retrying after 8000ms: Expected to find element: `form.MuiBox-root>.label:nth-child(2)`, but never found it.",
                "estack": "AssertionError: Timed out retrying after 8000ms: Expected to find element: `form.MuiBox-root>.label:nth-child(2)`, but never found it.\n    at Context.eval (webpack://cypressautomation/./cypress/integration/MobilityProject/LoginPage.js:16:7)",
                "diff": null
              },
              "uuid": "e087f4bc-30e1-4527-9533-00a0b7ac157a",
              "parentUUID": "51b75b85-d6f0-4869-bcf4-5ec501142a74",
              "isHook": false,
              "skipped": false
            },
            {
              "title": "Valid Credentials",
              "fullTitle": "Login Page Valid Credentials",
              "timedOut": null,
              "duration": 4495,
              "state": "passed",
              "speed": "fast",
              "pass": true,
              "fail": false,
              "pending": false,
              "context": null,
              "code": "cy.visit(\"http://sap.f2wmobi.de/\");\ncy.get('#emailaddress').type('sap.admin@yopmail.com');\ncy.get('#password').type('Admin@123');\ncy.get(\"button[type='submit']\").click();\ncy.get('.MuiContainer-root > .MuiDrawer-root > .MuiPaper-root > :nth-child(1) > .drawer-top > .css-old1by >  .MuiBox-root').should('be.visible');",
              "err": {},
              "uuid": "e7985456-78cb-4ac0-9e04-36519bc5bf59",
              "parentUUID": "51b75b85-d6f0-4869-bcf4-5ec501142a74",
              "isHook": false,
              "skipped": false
            },
            {
              "title": "Show Password",
              "fullTitle": "Login Page Show Password",
              "timedOut": null,
              "duration": 1715,
              "state": "passed",
              "speed": "fast",
              "pass": true,
              "fail": false,
              "pending": false,
              "context": null,
              "code": "cy.visit(\"http://sap.f2wmobi.de/\");\ncy.get('#emailaddress').type('sap.admin@yopmail.com');\ncy.get('#password').type('Admin@123');\ncy.get('.MuiInputAdornment-positionEnd > .MuiButtonBase-root').click();\ncy.get('#password').should('have.value', 'Admin@123');",
              "err": {},
              "uuid": "c91939bb-efe0-441a-bae0-699e72d0ac6c",
              "parentUUID": "51b75b85-d6f0-4869-bcf4-5ec501142a74",
              "isHook": false,
              "skipped": false
            },
            {
              "title": "Without entering any credentials",
              "fullTitle": "Login Page Without entering any credentials",
              "timedOut": null,
              "duration": 1212,
              "state": "passed",
              "speed": "fast",
              "pass": true,
              "fail": false,
              "pending": false,
              "context": null,
              "code": "cy.visit(\"http://sap.f2wmobi.de/\");\ncy.get(\"button[type='submit']\").click();\ncy.get('form.MuiBox-root>p.MuiTypography-root:nth-child(4)').should('have.text', \"Please enter email address\");\ncy.get('form.MuiBox-root>p.MuiTypography-root:nth-child(7)').should('have.text', \"Please enter password\");",
              "err": {},
              "uuid": "85eba88b-b82d-48a0-87d1-54bb27ea0f5f",
              "parentUUID": "51b75b85-d6f0-4869-bcf4-5ec501142a74",
              "isHook": false,
              "skipped": false
            },
            {
              "title": "Invalid data in e-mail address",
              "fullTitle": "Login Page Invalid data in e-mail address",
              "timedOut": null,
              "duration": 1457,
              "state": "passed",
              "speed": "fast",
              "pass": true,
              "fail": false,
              "pending": false,
              "context": null,
              "code": "cy.visit(\"http://sap.f2wmobi.de/\");\ncy.get('#emailaddress').type('abc123');\ncy.get('#password').type('Admin@123');\ncy.get(\"button[type='submit']\").click();\ncy.get('form.MuiBox-root>p.MuiTypography-root:nth-child(4)').should('have.text', \"Please enter valid email address\");",
              "err": {},
              "uuid": "4d7d3dde-055a-4e02-9cff-7a3229146ae8",
              "parentUUID": "51b75b85-d6f0-4869-bcf4-5ec501142a74",
              "isHook": false,
              "skipped": false
            },
            {
              "title": "Invalid data in password",
              "fullTitle": "Login Page Invalid data in password",
              "timedOut": null,
              "duration": 2224,
              "state": "passed",
              "speed": "fast",
              "pass": true,
              "fail": false,
              "pending": false,
              "context": null,
              "code": "cy.visit(\"http://sap.f2wmobi.de/\");\ncy.get('#emailaddress').type('sap.admin@yopmail.com');\ncy.get('#password').type('abc123');\ncy.get(\"button[type='submit']\").click();\ncy.get('form.MuiBox-root>p.MuiTypography-root:nth-child(6)').should('have.text', \"Please enter valid password\");",
              "err": {},
              "uuid": "d3d1a012-260a-4355-a5ae-e3e77a61b9ff",
              "parentUUID": "51b75b85-d6f0-4869-bcf4-5ec501142a74",
              "isHook": false,
              "skipped": false
            },
            {
              "title": "Remember credentials",
              "fullTitle": "Login Page Remember credentials",
              "timedOut": null,
              "duration": 4443,
              "state": "passed",
              "speed": "fast",
              "pass": true,
              "fail": false,
              "pending": false,
              "context": null,
              "code": "cy.visit(\"http://sap.f2wmobi.de/\");\ncy.get('#emailaddress').type('sap.admin@yopmail.com');\ncy.get('#password').type('Admin@123');\ncy.get(\"input[value='remember']\").check();\ncy.get(\"button[type='submit']\").click();\n//Check Logo\ncy.get('.MuiContainer-root > .MuiDrawer-root > .MuiPaper-root > :nth-child(1) > .drawer-top > .css-old1by >  .MuiBox-root').should('be.visible');\n//Logout button\ncy.get('.MuiContainer-root > .MuiDrawer-root > .MuiPaper-root > .sidebar-full > :nth-child(7) > .MuiListItem-root > .MuiButtonBase-root').click();\ncy.get('#emailaddress').should('have.value', 'sap.admin@yopmail.com');\ncy.get('#password').should('have.value', 'Admin@123');",
              "err": {},
              "uuid": "3c190535-7085-4098-9691-e8ff4ef0b57e",
              "parentUUID": "51b75b85-d6f0-4869-bcf4-5ec501142a74",
              "isHook": false,
              "skipped": false
            }
          ],
          "suites": [],
          "passes": [
            "e7985456-78cb-4ac0-9e04-36519bc5bf59",
            "c91939bb-efe0-441a-bae0-699e72d0ac6c",
            "85eba88b-b82d-48a0-87d1-54bb27ea0f5f",
            "4d7d3dde-055a-4e02-9cff-7a3229146ae8",
            "d3d1a012-260a-4355-a5ae-e3e77a61b9ff",
            "3c190535-7085-4098-9691-e8ff4ef0b57e"
          ],
          "failures": [
            "e087f4bc-30e1-4527-9533-00a0b7ac157a"
          ],
          "pending": [],
          "skipped": [],
          "duration": 30773,
          "root": false,
          "rootEmpty": false,
          "_timeout": 2000
        }
      ],
      "passes": [],
      "failures": [],
      "pending": [],
      "skipped": [],
      "duration": 0,
      "root": true,
      "rootEmpty": true,
      "_timeout": 2000
    }
  ],
  "meta": {
    "mocha": {
      "version": "7.0.1"
    },
    "mochawesome": {
      "options": {
        "quiet": false,
        "reportFilename": "mochawesome",
        "saveHtml": false,
        "saveJson": true,
        "consoleReporter": "spec",
        "useInlineDiffs": false,
        "code": true
      },
      "version": "7.1.3"
    },
    "marge": {
      "options": {
        "overwrite": false,
        "html": false,
        "json": true,
        "reportDir": "cypress\\reports\\html\\.jsons"
      },
      "version": "6.2.0"
    }
  }
}